Arguments: 
  /Users/cverond/.nvm/versions/node/v19.2.0/bin/node /usr/local/bin/yarn init

PATH: 
  /Developer/usr/bin:~/Scripts:~/Library/Android/Sdk/tools:~/Library/Android/Sdk/platform-tools:/Users/cverond/.nvm/versions/node/v19.2.0/bin:~:/Users/cverond/dotfiles/base/bin:/usr/local/bin:/usr/local/sbin:~/bin:~/.composer/vendor/bin:/usr/local/bin:/usr/bin:/bin:/usr/sbin:/sbin:/Library/Apple/usr/bin:/Developer/usr/bin:~/Scripts:~/Library/Android/Sdk/tools:~/Library/Android/Sdk/platform-tools:/Users/cverond/.volta/bin:~:/Users/cverond/dotfiles/base/bin:/usr/local/sbin:~/bin:~/.composer/vendor/bin

Yarn version: 
  1.22.11

Node version: 
  19.2.0

Platform: 
  darwin x64

Trace: 
  Error: canceled
      at Interface.<anonymous> (/usr/local/lib/node_modules/yarn/lib/cli.js:137023:13)
      at Interface.emit (node:events:513:28)
      at [_ttyWrite] [as _ttyWrite] (node:internal/readline/interface:1125:18)
      at ReadStream.onkeypress (node:internal/readline/interface:274:20)
      at ReadStream.emit (node:events:513:28)
      at emitKeys (node:internal/readline/utils:357:14)
      at emitKeys.next (<anonymous>)
      at ReadStream.onData (node:internal/readline/emitKeypressEvents:64:36)
      at ReadStream.emit (node:events:513:28)
      at addChunk (node:internal/streams/readable:324:12)

npm manifest: 
  No manifest

yarn manifest: 
  No manifest

Lockfile: 
  No lockfile
